<?xml version="1.0" encoding="utf-8"?>
<testsuite name="gen_cor_004" tests="1" failures="0" skipped="0" time="1.49">
	<testcase classname="PySysTest" name="gen_cor_004"/>
</testsuite>
