<?xml version="1.0" encoding="utf-8"?>
<testsuite name="gen_cor_005" tests="1" failures="0" skipped="0" time="0.99">
	<testcase classname="PySysTest" name="gen_cor_005"/>
</testsuite>
