<?xml version="1.0" encoding="utf-8"?>
<testsuite name="gen_cor_007" tests="1" failures="0" skipped="0" time="1.67">
	<testcase classname="PySysTest" name="gen_cor_007"/>
</testsuite>
