<?xml version="1.0" encoding="utf-8"?>
<testsuite name="gen_cor_006" tests="1" failures="0" skipped="0" time="0.44">
	<testcase classname="PySysTest" name="gen_cor_006"/>
</testsuite>
